<?xml version="1.0" encoding="UTF-8"?>
<!-- Generated by org.testng.reporters.JUnitReportReporter -->
<testsuite hostname="NomadicShri" failures="0" tests="2" name="basicTestngCoding.NewTest" time="0.023" errors="0" timestamp="2022-05-02T22:01:46 EDT" skipped="0">
  <testcase classname="basicTestngCoding.NewTest" name="updatePwd" time="0.007"/>
  <system-out/>
  <testcase classname="basicTestngCoding.NewTest" name="updateName" time="0.016"/>
  <system-out/>
</testsuite> <!-- basicTestngCoding.NewTest -->
